<?xml version="1.0" encoding="UTF-8"?>
<!-- Generated by org.testng.reporters.JUnitXMLReporter -->
<testsuite ignored="0" hostname="Avii" failures="0" tests="3" name="Default test" time="33.707" errors="0" timestamp="2022-10-17T20:35:00 IST">
  <testcase classname="com.caretobeauty.qa.testcases.HomePageTest" name="homePageLogoTest" time="0.251"/>
  <testcase classname="com.caretobeauty.qa.testcases.HomePageTest" name="validateHomePageTitleTest" time="0.072"/>
  <testcase classname="com.caretobeauty.qa.testcases.HomePageTest" name="verifyNutritionLinkTest" time="3.474"/>
</testsuite> <!-- Default test -->
